<?xml version="1.0" encoding="UTF-8"?>
<!-- Generated by org.testng.reporters.JUnitXMLReporter -->
<testsuite ignored="0" hostname="BS" failures="0" tests="4" name="Default test" time="0.117" errors="0" timestamp="2025-11-21T08:20:53 IST">
  <testcase classname="automation.WithTestNG" name="fb1" time="0.017"/>
  <testcase classname="automation.WithTestNG" name="fb2" time="0.004"/>
  <testcase classname="automation.WithTestNG" name="fb3" time="0.002"/>
  <testcase classname="automation.WithTestNG" name="fb4" time="0.004"/>
</testsuite> <!-- Default test -->
