<?xml version="1.0" encoding="UTF-8"?>
<!-- Generated by org.testng.reporters.JUnitXMLReporter -->
<testsuite ignored="0" hostname="BS" failures="0" tests="4" name="Default test" time="53.439" errors="0" timestamp="2025-12-05T07:49:35 IST">
  <testcase classname="automation.WithoutPageObjectModel" name="Admin_TestCase" time="4.495"/>
  <testcase classname="automation.WithoutPageObjectModel" name="Leave_TestCase" time="3.398"/>
  <testcase classname="automation.WithoutPageObjectModel" name="PIM_TestCase" time="4.504"/>
  <testcase classname="automation.WithoutPageObjectModel" name="Time_TestCase" time="4.078"/>
</testsuite> <!-- Default test -->
