<?xml version="1.0" encoding="UTF-8"?>
<!-- Generated by org.testng.reporters.JUnitXMLReporter -->
<testsuite ignored="3" hostname="MasteR" failures="0" tests="9" name="Test" time="0.088" errors="0" timestamp="2025-11-26T06:08:05 IST">
  <testcase classname="testNG.Notification" name="EmailNotificaiton" time="0.009"/>
  <testcase classname="testNG.OrderPlacement" name="OrderCancelled" time="0.002"/>
  <testcase classname="testNG.OrderPlacement" name="OrderPlaced" time="0.002"/>
  <testcase classname="testNG.OrderPlacement" name="OrderReturned" time="0.001"/>
  <testcase classname="testNG.OrderPlacement" name="OrderTracked" time="0.001"/>
  <testcase classname="testNG.Search" name="AdvancedSearchProduct" time="0.001"/>
  <testcase classname="testNG.Search" name="SearchByBrand" time="0.002"/>
  <testcase classname="testNG.Search" name="SearchByCategory" time="0.002"/>
  <testcase classname="testNG.Search" name="SearchProduct" time="0.002"/>
  <testcase classname="testNG.Notification" name="PushNotification" time="0.0">
    <ignored/>
  </testcase> <!-- PushNotification -->
  <testcase classname="testNG.Notification" name="SMSNotification" time="0.0">
    <ignored/>
  </testcase> <!-- SMSNotification -->
  <testcase classname="testNG.Notification" name="MobileNotifcaiton" time="0.0">
    <ignored/>
  </testcase> <!-- MobileNotifcaiton -->
</testsuite> <!-- Test -->
