<?xml version="1.0" encoding="UTF-8"?>
<!-- Generated by org.testng.reporters.JUnitXMLReporter -->
<testsuite ignored="0" hostname="MasteR" failures="0" tests="4" name="Test" time="0.066" errors="0" timestamp="2025-11-26T05:50:23 IST">
  <testcase classname="testNG.Notification" name="EmailNotificaiton" time="0.01"/>
  <testcase classname="testNG.Notification" name="MobileNotifcaiton" time="0.002"/>
  <testcase classname="testNG.Notification" name="PushNotification" time="0.002"/>
  <testcase classname="testNG.Notification" name="SMSNotification" time="0.001"/>
</testsuite> <!-- Test -->
