<?xml version="1.0" encoding="UTF-8"?>
<testng-results ignored="0" total="4" passed="4" failed="0" skipped="0">
  <reporter-output>
  </reporter-output>
  <suite started-at="2025-11-21T08:20:53 IST" name="Default suite" finished-at="2025-11-21T08:20:53 IST" duration-ms="117">
    <groups>
    </groups>
    <test started-at="2025-11-21T08:20:53 IST" name="Default test" finished-at="2025-11-21T08:20:53 IST" duration-ms="117">
      <class name="automation.WithTestNG">
        <test-method is-config="true" signature="openBrowser()[pri:0, instance:automation.WithTestNG@477b4cdf]" started-at="2025-11-21T08:20:53 IST" name="openBrowser" finished-at="2025-11-21T08:20:53 IST" duration-ms="8" status="PASS">
          <reporter-output>
          </reporter-output>
        </test-method> <!-- openBrowser -->
        <test-method signature="fb1()[pri:0, instance:automation.WithTestNG@477b4cdf]" started-at="2025-11-21T08:20:53 IST" name="fb1" finished-at="2025-11-21T08:20:53 IST" duration-ms="17" status="PASS">
          <reporter-output>
          </reporter-output>
        </test-method> <!-- fb1 -->
        <test-method is-config="true" signature="closeBrowser()[pri:0, instance:automation.WithTestNG@477b4cdf]" started-at="2025-11-21T08:20:53 IST" name="closeBrowser" finished-at="2025-11-21T08:20:53 IST" duration-ms="0" status="PASS">
          <reporter-output>
          </reporter-output>
        </test-method> <!-- closeBrowser -->
        <test-method signature="fb2()[pri:0, instance:automation.WithTestNG@477b4cdf]" started-at="2025-11-21T08:20:53 IST" name="fb2" finished-at="2025-11-21T08:20:53 IST" duration-ms="4" status="PASS">
          <reporter-output>
          </reporter-output>
        </test-method> <!-- fb2 -->
        <test-method is-config="true" signature="openBrowser()[pri:0, instance:automation.WithTestNG@477b4cdf]" started-at="2025-11-21T08:20:53 IST" name="openBrowser" finished-at="2025-11-21T08:20:53 IST" duration-ms="0" status="PASS">
          <reporter-output>
          </reporter-output>
        </test-method> <!-- openBrowser -->
        <test-method is-config="true" signature="closeBrowser()[pri:0, instance:automation.WithTestNG@477b4cdf]" started-at="2025-11-21T08:20:53 IST" name="closeBrowser" finished-at="2025-11-21T08:20:53 IST" duration-ms="2" status="PASS">
          <reporter-output>
          </reporter-output>
        </test-method> <!-- closeBrowser -->
        <test-method is-config="true" signature="openBrowser()[pri:0, instance:automation.WithTestNG@477b4cdf]" started-at="2025-11-21T08:20:53 IST" name="openBrowser" finished-at="2025-11-21T08:20:53 IST" duration-ms="2" status="PASS">
          <reporter-output>
          </reporter-output>
        </test-method> <!-- openBrowser -->
        <test-method signature="fb3()[pri:0, instance:automation.WithTestNG@477b4cdf]" started-at="2025-11-21T08:20:53 IST" name="fb3" finished-at="2025-11-21T08:20:53 IST" duration-ms="2" status="PASS">
          <reporter-output>
          </reporter-output>
        </test-method> <!-- fb3 -->
        <test-method is-config="true" signature="closeBrowser()[pri:0, instance:automation.WithTestNG@477b4cdf]" started-at="2025-11-21T08:20:53 IST" name="closeBrowser" finished-at="2025-11-21T08:20:53 IST" duration-ms="1" status="PASS">
          <reporter-output>
          </reporter-output>
        </test-method> <!-- closeBrowser -->
        <test-method is-config="true" signature="openBrowser()[pri:0, instance:automation.WithTestNG@477b4cdf]" started-at="2025-11-21T08:20:53 IST" name="openBrowser" finished-at="2025-11-21T08:20:53 IST" duration-ms="1" status="PASS">
          <reporter-output>
          </reporter-output>
        </test-method> <!-- openBrowser -->
        <test-method signature="fb4()[pri:0, instance:automation.WithTestNG@477b4cdf]" started-at="2025-11-21T08:20:53 IST" name="fb4" finished-at="2025-11-21T08:20:53 IST" duration-ms="4" status="PASS">
          <reporter-output>
          </reporter-output>
        </test-method> <!-- fb4 -->
        <test-method is-config="true" signature="closeBrowser()[pri:0, instance:automation.WithTestNG@477b4cdf]" started-at="2025-11-21T08:20:53 IST" name="closeBrowser" finished-at="2025-11-21T08:20:53 IST" duration-ms="2" status="PASS">
          <reporter-output>
          </reporter-output>
        </test-method> <!-- closeBrowser -->
      </class> <!-- automation.WithTestNG -->
    </test> <!-- Default test -->
  </suite> <!-- Default suite -->
</testng-results>
