<?xml version="1.0" encoding="UTF-8"?>
<!-- Generated by org.testng.reporters.JUnitReportReporter -->
<testsuite hostname="MasteR" failures="0" tests="4" name="testNG.OrderPlacement" time="0.006" errors="0" timestamp="2025-11-26T06:08:05 IST" skipped="0">
  <testcase classname="testNG.OrderPlacement" name="OrderReturned" time="0.001"/>
  <testcase classname="testNG.OrderPlacement" name="OrderCancelled" time="0.002"/>
  <testcase classname="testNG.OrderPlacement" name="OrderPlaced" time="0.002"/>
  <testcase classname="testNG.OrderPlacement" name="OrderTracked" time="0.001"/>
</testsuite> <!-- testNG.OrderPlacement -->
