<?xml version="1.0" encoding="UTF-8"?>
<!-- Generated by org.testng.reporters.JUnitReportReporter -->
<testsuite hostname="MasteR" failures="0" tests="4" name="testNG.Search" time="0.007" errors="0" timestamp="2025-11-26T06:08:05 IST" skipped="0">
  <testcase classname="testNG.Search" name="SearchByBrand" time="0.002"/>
  <testcase classname="testNG.Search" name="AdvancedSearchProduct" time="0.001"/>
  <testcase classname="testNG.Search" name="SearchByCategory" time="0.002"/>
  <testcase classname="testNG.Search" name="SearchProduct" time="0.002"/>
</testsuite> <!-- testNG.Search -->
