<?xml version="1.0" encoding="UTF-8"?>
<!-- Generated by org.testng.reporters.JUnitReportReporter -->
<testsuite hostname="MasteR" failures="0" tests="4" name="testNG.Notification" time="0.015" errors="0" timestamp="2025-11-26T05:50:23 IST" skipped="0">
  <testcase classname="testNG.Notification" name="MobileNotifcaiton" time="0.002"/>
  <testcase classname="testNG.Notification" name="SMSNotification" time="0.001"/>
  <testcase classname="testNG.Notification" name="EmailNotificaiton" time="0.010"/>
  <testcase classname="testNG.Notification" name="PushNotification" time="0.002"/>
</testsuite> <!-- testNG.Notification -->
