<?xml version="1.0" encoding="UTF-8"?>
<!-- Generated by org.testng.reporters.JUnitReportReporter -->
<testsuite hostname="MasteR" failures="0" tests="7" name="automation.TestNG_Enable_Priorty_DependentOn" time="0.014" errors="0" timestamp="2025-11-24T08:35:48 IST" skipped="1">
  <testcase classname="automation.TestNG_Enable_Priorty_DependentOn" name="placingOrder" time="0.008"/>
  <testcase classname="automation.TestNG_Enable_Priorty_DependentOn" name="orderNotification" time="0.002"/>
  <testcase classname="automation.TestNG_Enable_Priorty_DependentOn" name="Cat" time="0.001"/>
  <testcase classname="automation.TestNG_Enable_Priorty_DependentOn" name="Boy" time="0.000"/>
  <testcase classname="automation.TestNG_Enable_Priorty_DependentOn" name="Boy" time="0.002"/>
  <testcase classname="automation.TestNG_Enable_Priorty_DependentOn" name="Apple" time="0.001"/>
  <testcase classname="automation.TestNG_Enable_Priorty_DependentOn" name="Dog">
    <skipped/>
  </testcase> <!-- Dog -->
</testsuite> <!-- automation.TestNG_Enable_Priorty_DependentOn -->
