<?xml version="1.0" encoding="UTF-8"?>
<!-- Generated by org.testng.reporters.JUnitReportReporter -->
<testsuite hostname="BS" failures="0" tests="4" name="automation.WithTestNG" time="0.043" errors="0" timestamp="2025-11-21T08:20:53 IST" skipped="0">
  <testcase classname="automation.WithTestNG" name="fb4" time="0.008"/>
  <testcase classname="automation.WithTestNG" name="fb2" time="0.007"/>
  <testcase classname="automation.WithTestNG" name="fb3" time="0.010"/>
  <testcase classname="automation.WithTestNG" name="fb1" time="0.018"/>
</testsuite> <!-- automation.WithTestNG -->
