<?xml version="1.0" encoding="UTF-8"?>
<!-- Generated by org.testng.reporters.JUnitReportReporter -->
<testsuite hostname="BS" failures="0" tests="4" name="automation.WithoutPageObjectModel" time="53.360" errors="0" timestamp="2025-12-05T07:49:35 IST" skipped="0">
  <testcase classname="automation.WithoutPageObjectModel" name="PIM_TestCase" time="13.912"/>
  <testcase classname="automation.WithoutPageObjectModel" name="Leave_TestCase" time="14.489"/>
  <testcase classname="automation.WithoutPageObjectModel" name="Time_TestCase" time="12.421"/>
  <testcase classname="automation.WithoutPageObjectModel" name="Admin_TestCase" time="12.538"/>
</testsuite> <!-- automation.WithoutPageObjectModel -->
