<?xml version="1.0" encoding="UTF-8"?>
<!-- Generated by org.testng.reporters.JUnitReportReporter -->
<testsuite hostname="BS" failures="0" tests="2" name="automation.Synchronization_Waits" time="91.261" errors="0" timestamp="2025-11-26T08:32:52 IST" skipped="0">
  <testcase classname="automation.Synchronization_Waits" name="withOutWaits" time="62.951"/>
  <testcase classname="automation.Synchronization_Waits" name="withWaits" time="28.310"/>
</testsuite> <!-- automation.Synchronization_Waits -->
