<?xml version="1.0" encoding="UTF-8"?>
<!-- Generated by org.testng.reporters.JUnitReportReporter -->
<testsuite hostname="MasteR" failures="0" tests="2" name="yet_To_Teach.ExplicitWait_Selenium" time="86.635" errors="0" timestamp="2025-11-26T07:13:47 IST" skipped="0">
  <testcase classname="yet_To_Teach.ExplicitWait_Selenium" name="TestCase_With_explicitWaitExample" time="22.944"/>
  <testcase classname="yet_To_Teach.ExplicitWait_Selenium" name="TestCase_WithOut_explicitWaitExample" time="63.691"/>
</testsuite> <!-- yet_To_Teach.ExplicitWait_Selenium -->
