<?xml version="1.0" encoding="UTF-8"?>
<!-- Generated by org.testng.reporters.JUnitReportReporter -->
<testsuite hostname="MasteR" failures="0" tests="5" name="automation.DataProvider_Test" time="23.645" errors="0" timestamp="2025-11-24T08:17:32 IST" skipped="0">
  <testcase classname="automation.DataProvider_Test" name="testCase01" time="4.598"/>
  <testcase classname="automation.DataProvider_Test" name="testCase01" time="5.173"/>
  <testcase classname="automation.DataProvider_Test" name="testCase01" time="4.568"/>
  <testcase classname="automation.DataProvider_Test" name="testCase01" time="4.687"/>
  <testcase classname="automation.DataProvider_Test" name="testCase01" time="4.619"/>
</testsuite> <!-- automation.DataProvider_Test -->
